<?xml version="1.0" encoding="UTF-8"?>
<!-- Generated by org.testng.reporters.JUnitXMLReporter -->
<testsuite ignored="0" hostname="LAPTOP-AN95BIIA" failures="0" tests="5" name="Default test" time="65.647" errors="0" timestamp="2024-02-18T15:00:49 IST">
  <testcase classname="Entrata.TestClass" name="TestVerifyEnrtataLogo" time="0.122"/>
  <testcase classname="Entrata.TestClass" name="testVerifyAllOptionVisibleInHeaderBar" time="0.223"/>
  <testcase classname="Entrata.TestClass" name="testVerifyBaseCampFuctionality" time="9.996"/>
  <testcase classname="Entrata.TestClass" name="testVerifyPorductElements" time="1.542"/>
  <testcase classname="Entrata.TestClass" name="testVerifyBottomBar" time="0.212"/>
</testsuite> <!-- Default test -->
