<?xml version="1.0" encoding="UTF-8"?>
<!-- Generated by org.testng.reporters.JUnitXMLReporter -->
<testsuite ignored="0" hostname="LAPTOP-AN95BIIA" failures="0" tests="5" name="Default test" time="113.004" errors="0" timestamp="2024-02-17T20:05:05 IST">
  <testcase classname="Entrata.TestClass" name="TestVerifyEnrtataLogo" time="0.056"/>
  <testcase classname="Entrata.TestClass" name="testVerifyAllOptionVisibleInHeaderBar" time="0.171"/>
  <testcase classname="Entrata.TestClass" name="testVerifyBaseCampFuctionality" time="8.603"/>
  <testcase classname="Entrata.TestClass" name="testVerifyPorductElements" time="1.403"/>
  <testcase classname="Entrata.TestClass" name="testVerifyBottomBar" time="0.17"/>
</testsuite> <!-- Default test -->
