<?xml version="1.0" encoding="UTF-8"?>
<!-- Generated by org.testng.reporters.JUnitXMLReporter -->
<testsuite ignored="0" hostname="LAPTOP-AN95BIIA" failures="0" tests="5" name="Test" time="56.952" errors="0" timestamp="2024-02-18T15:02:58 IST">
  <testcase classname="Entrata.TestClass" name="TestVerifyEnrtataLogo" time="0.083"/>
  <testcase classname="Entrata.TestClass" name="testVerifyAllOptionVisibleInHeaderBar" time="0.24"/>
  <testcase classname="Entrata.TestClass" name="testVerifyBaseCampFuctionality" time="7.401"/>
  <testcase classname="Entrata.TestClass" name="testVerifyPorductElements" time="1.607"/>
  <testcase classname="Entrata.TestClass" name="testVerifyBottomBar" time="0.239"/>
</testsuite> <!-- Test -->
